# JRE version: OpenJDK Runtime Environment (11.0.8+10) (build 11.0.8+10-b944.6842174)
# Java VM: OpenJDK 64-Bit Server VM (11.0.8+10-b944.6842174, mixed mode, tiered, compressed oops, g1 gc, windows-amd64)
Heap:
 garbage-first heap   total 529408K, used 426624K [0x0000000080000000, 0x0000000100000000)
  region size 1024K, 33 young (33792K), 2 survivors (2048K)
 Metaspace       used 176045K, capacity 180500K, committed 180764K, reserved 1206272K
  class space    used 21477K, capacity 23051K, committed 23168K, reserved 1048576K
GC Heap History (20 events):
Event: 1029.371 GC heap before
{Heap before GC invocations=118 (full 0):
 garbage-first heap   total 529408K, used 449661K [0x0000000080000000, 0x0000000100000000)
  region size 1024K, 165 young (168960K), 13 survivors (13312K)
 Metaspace       used 167346K, capacity 171723K, committed 171932K, reserved 1200128K
  class space    used 20417K, capacity 21933K, committed 22016K, reserved 1048576K
}
Event: 1029.429 GC heap after
{Heap after GC invocations=119 (full 0):
 garbage-first heap   total 529408K, used 326722K [0x0000000080000000, 0x0000000100000000)
  region size 1024K, 21 young (21504K), 21 survivors (21504K)
 Metaspace       used 167346K, capacity 171723K, committed 171932K, reserved 1200128K
  class space    used 20417K, capacity 21933K, committed 22016K, reserved 1048576K
}
Event: 1029.621 GC heap before
{Heap before GC invocations=119 (full 0):
 garbage-first heap   total 529408K, used 352322K [0x0000000080000000, 0x0000000100000000)
  region size 1024K, 46 young (47104K), 21 survivors (21504K)
 Metaspace       used 167359K, capacity 171731K, committed 171932K, reserved 1200128K
  class space    used 20417K, capacity 21933K, committed 22016K, reserved 1048576K
}
Event: 1029.663 GC heap after
{Heap after GC invocations=120 (full 0):
 garbage-first heap   total 529408K, used 330240K [0x0000000080000000, 0x0000000100000000)
  region size 1024K, 2 young (2048K), 2 survivors (2048K)
 Metaspace       used 167359K, capacity 171731K, committed 171932K, reserved 1200128K
  class space    used 20417K, capacity 21933K, committed 22016K, reserved 1048576K
}
Event: 1030.098 GC heap before
{Heap before GC invocations=120 (full 0):
 garbage-first heap   total 529408K, used 410112K [0x0000000080000000, 0x0000000100000000)
  region size 1024K, 76 young (77824K), 2 survivors (2048K)
 Metaspace       used 167361K, capacity 171795K, committed 171932K, reserved 1200128K
  class space    used 20417K, capacity 21933K, committed 22016K, reserved 1048576K
}
Event: 1030.115 GC heap after
{Heap after GC invocations=121 (full 0):
 garbage-first heap   total 529408K, used 338664K [0x0000000080000000, 0x0000000100000000)
  region size 1024K, 6 young (6144K), 6 survivors (6144K)
 Metaspace       used 167361K, capacity 171795K, committed 171932K, reserved 1200128K
  class space    used 20417K, capacity 21933K, committed 22016K, reserved 1048576K
}
Event: 1030.644 GC heap before
{Heap before GC invocations=121 (full 0):
 garbage-first heap   total 529408K, used 417512K [0x0000000080000000, 0x0000000100000000)
  region size 1024K, 82 young (83968K), 6 survivors (6144K)
 Metaspace       used 167361K, capacity 171795K, committed 171932K, reserved 1200128K
  class space    used 20417K, capacity 21933K, committed 22016K, reserved 1048576K
}
Event: 1030.659 GC heap after
{Heap after GC invocations=122 (full 0):
 garbage-first heap   total 529408K, used 347673K [0x0000000080000000, 0x0000000100000000)
  region size 1024K, 11 young (11264K), 11 survivors (11264K)
 Metaspace       used 167361K, capacity 171795K, committed 171932K, reserved 1200128K
  class space    used 20417K, capacity 21933K, committed 22016K, reserved 1048576K
}
Event: 1030.896 GC heap before
{Heap before GC invocations=122 (full 0):
 garbage-first heap   total 529408K, used 426521K [0x0000000080000000, 0x0000000100000000)
  region size 1024K, 87 young (89088K), 11 survivors (11264K)
 Metaspace       used 167362K, capacity 171795K, committed 171932K, reserved 1200128K
  class space    used 20417K, capacity 21933K, committed 22016K, reserved 1048576K
}
Event: 1030.909 GC heap after
{Heap after GC invocations=123 (full 0):
 garbage-first heap   total 529408K, used 351648K [0x0000000080000000, 0x0000000100000000)
  region size 1024K, 7 young (7168K), 7 survivors (7168K)
 Metaspace       used 167362K, capacity 171795K, committed 171932K, reserved 1200128K
  class space    used 20417K, capacity 21933K, committed 22016K, reserved 1048576K
}
Event: 1031.328 GC heap before
{Heap before GC invocations=123 (full 0):
 garbage-first heap   total 529408K, used 439712K [0x0000000080000000, 0x0000000100000000)
  region size 1024K, 85 young (87040K), 7 survivors (7168K)
 Metaspace       used 168767K, capacity 173233K, committed 173340K, reserved 1200128K
  class space    used 20616K, capacity 22115K, committed 22144K, reserved 1048576K
}
Event: 1031.339 GC heap after
{Heap after GC invocations=124 (full 0):
 garbage-first heap   total 529408K, used 361689K [0x0000000080000000, 0x0000000100000000)
  region size 1024K, 7 young (7168K), 7 survivors (7168K)
 Metaspace       used 168767K, capacity 173233K, committed 173340K, reserved 1200128K
  class space    used 20616K, capacity 22115K, committed 22144K, reserved 1048576K
}
Event: 1033.018 GC heap before
{Heap before GC invocations=124 (full 0):
 garbage-first heap   total 529408K, used 440537K [0x0000000080000000, 0x0000000100000000)
  region size 1024K, 82 young (83968K), 7 survivors (7168K)
 Metaspace       used 175072K, capacity 179626K, committed 179868K, reserved 1206272K
  class space    used 21369K, capacity 22920K, committed 23040K, reserved 1048576K
}
Event: 1033.033 GC heap after
{Heap after GC invocations=125 (full 0):
 garbage-first heap   total 529408K, used 364573K [0x0000000080000000, 0x0000000100000000)
  region size 1024K, 9 young (9216K), 9 survivors (9216K)
 Metaspace       used 175072K, capacity 179626K, committed 179868K, reserved 1206272K
  class space    used 21369K, capacity 22920K, committed 23040K, reserved 1048576K
}
Event: 1034.800 GC heap before
{Heap before GC invocations=125 (full 0):
 garbage-first heap   total 529408K, used 440349K [0x0000000080000000, 0x0000000100000000)
  region size 1024K, 84 young (86016K), 9 survivors (9216K)
 Metaspace       used 175609K, capacity 180129K, committed 180380K, reserved 1206272K
  class space    used 21425K, capacity 23002K, committed 23040K, reserved 1048576K
}
Event: 1034.811 GC heap after
{Heap after GC invocations=126 (full 0):
 garbage-first heap   total 529408K, used 362744K [0x0000000080000000, 0x0000000100000000)
  region size 1024K, 5 young (5120K), 5 survivors (5120K)
 Metaspace       used 175609K, capacity 180129K, committed 180380K, reserved 1206272K
  class space    used 21425K, capacity 23002K, committed 23040K, reserved 1048576K
}
Event: 1035.594 GC heap before
{Heap before GC invocations=126 (full 0):
 garbage-first heap   total 529408K, used 445688K [0x0000000080000000, 0x0000000100000000)
  region size 1024K, 83 young (84992K), 5 survivors (5120K)
 Metaspace       used 176025K, capacity 180499K, committed 180764K, reserved 1206272K
  class space    used 21476K, capacity 23051K, committed 23168K, reserved 1048576K
}
Event: 1035.615 GC heap after
{Heap after GC invocations=127 (full 0):
 garbage-first heap   total 529408K, used 377257K [0x0000000080000000, 0x0000000100000000)
  region size 1024K, 11 young (11264K), 11 survivors (11264K)
 Metaspace       used 176025K, capacity 180499K, committed 180764K, reserved 1206272K
  class space    used 21476K, capacity 23051K, committed 23168K, reserved 1048576K
}
Event: 1036.001 GC heap before
{Heap before GC invocations=127 (full 0):
 garbage-first heap   total 529408K, used 394665K [0x0000000080000000, 0x0000000100000000)
  region size 1024K, 28 young (28672K), 11 survivors (11264K)
 Metaspace       used 176028K, capacity 180499K, committed 180764K, reserved 1206272K
  class space    used 21476K, capacity 23051K, committed 23168K, reserved 1048576K
}
Event: 1036.017 GC heap after
{Heap after GC invocations=128 (full 0):
 garbage-first heap   total 529408K, used 376448K [0x0000000080000000, 0x0000000100000000)
  region size 1024K, 2 young (2048K), 2 survivors (2048K)
 Metaspace       used 176028K, capacity 180499K, committed 180764K, reserved 1206272K
  class space    used 21476K, capacity 23051K, committed 23168K, reserved 1048576K
}

